2016-10-07 14:55:09.400 [main] INFO  multiThread.Server - 正在启动服务器...
2016-10-07 14:55:09.405 [main] INFO  multiThread.Server - 服务器启动成功...
2016-10-07 14:55:09.405 [main] INFO  multiThread.Server - 等待连接...
2016-10-07 14:55:19.440 [main] INFO  multiThread.Server - A成功连接服务器
2016-10-07 14:58:32.351 [main] INFO  multiThread.Server - 正在启动服务器...
2016-10-07 14:58:32.356 [main] INFO  multiThread.Server - 服务器启动成功...
2016-10-07 14:58:32.356 [main] INFO  multiThread.Server - 等待连接...
2016-10-07 14:58:37.050 [main] INFO  multiThread.Server - A成功连接服务器
2016-10-07 14:58:46.064 [A] INFO  multiThread.Server - A已经下线
2016-10-07 15:00:12.909 [main] INFO  multiThread.Server - 正在启动服务器...
2016-10-07 15:00:12.915 [main] INFO  multiThread.Server - 服务器启动成功...
2016-10-07 15:00:12.915 [main] INFO  multiThread.Server - 等待连接...
2016-10-07 15:00:17.453 [main] INFO  multiThread.Server - A成功连接服务器
2016-10-07 15:00:32.626 [main] INFO  multiThread.Server - B成功连接服务器
2016-10-07 15:00:37.998 [B] INFO  multiThread.Server - B已经下线
2016-10-07 15:00:42.775 [A] INFO  multiThread.Server - A已经下线
2016-10-07 15:06:12.200 [main] INFO  multiThread.Server - 正在启动服务器...
2016-10-07 15:06:12.204 [main] INFO  multiThread.Server - 服务器启动成功...
2016-10-07 15:06:12.204 [main] INFO  multiThread.Server - 等待连接...
2016-10-07 15:06:18.473 [main] INFO  multiThread.Server - A成功连接服务器
2016-10-07 15:11:24.764 [main] INFO  multiThread.Server - 正在启动服务器...
2016-10-07 15:11:24.768 [main] INFO  multiThread.Server - 服务器启动成功...
2016-10-07 15:11:24.768 [main] INFO  multiThread.Server - 等待连接...
2016-10-07 15:12:23.481 [main] INFO  multiThread.Server - 正在启动服务器...
2016-10-07 15:12:23.485 [main] INFO  multiThread.Server - 服务器启动成功...
2016-10-07 15:12:23.486 [main] INFO  multiThread.Server - 等待连接...
2016-10-07 15:12:27.902 [main] INFO  multiThread.Server - A成功连接服务器
2016-10-07 15:14:01.670 [main] INFO  multiThread.Server - 正在启动服务器...
2016-10-07 15:14:01.674 [main] INFO  multiThread.Server - 服务器启动成功...
2016-10-07 15:14:01.674 [main] INFO  multiThread.Server - 等待连接...
2016-10-07 15:14:07.129 [main] INFO  multiThread.Server - A成功连接服务器
2016-10-07 15:14:09.323 [A] INFO  multiThread.Server - A:fdk
2016-10-07 15:14:11.262 [A] INFO  multiThread.Server - A:dkmvnjv
2016-10-07 15:14:12.491 [A] INFO  multiThread.Server - A:dnvj
2016-10-07 15:14:17.243 [main] INFO  multiThread.Server - B成功连接服务器
2016-10-07 15:14:18.764 [B] INFO  multiThread.Server - B:dnhv
2016-10-07 15:14:19.944 [B] INFO  multiThread.Server - B:nvjf
2016-10-07 15:14:21.867 [B] INFO  multiThread.Server - B:vjd
2016-10-07 15:52:53.185 [main] INFO  multiThread.Server - 正在启动服务器...
2016-10-07 15:52:53.189 [main] INFO  multiThread.Server - 服务器启动成功...
2016-10-07 15:52:53.189 [main] INFO  multiThread.Server - 等待连接...
2016-10-07 15:52:59.792 [main] INFO  multiThread.Server - A成功连接服务器
2016-10-07 15:53:17.651 [main] INFO  multiThread.Server - B成功连接服务器
2016-10-07 15:53:20.416 [B] INFO  multiThread.Server - B:dfe
2016-10-07 15:53:23.825 [B] INFO  multiThread.Server - B:xcdf
2016-10-07 15:53:26.863 [B] INFO  multiThread.Server - B:输入包含敏感信息，已被屏蔽
2016-10-07 15:53:36.116 [B] INFO  multiThread.Server - B:输入包含敏感信息，已被屏蔽
2016-10-07 15:53:39.303 [A] INFO  multiThread.Server - A:fddfhhf
2016-10-07 15:53:43.885 [A] INFO  multiThread.Server - A:输入包含敏感信息，已被屏蔽
2016-10-07 16:01:03.520 [main] INFO  multiThread.Server - 正在启动服务器...
2016-10-07 16:01:03.524 [main] INFO  multiThread.Server - 服务器启动成功...
2016-10-07 16:01:03.525 [main] INFO  multiThread.Server - 等待连接...
2016-10-07 16:01:12.900 [main] INFO  multiThread.Server - A成功连接服务器
2016-10-07 16:01:17.820 [main] INFO  multiThread.Server - B成功连接服务器
2016-10-07 16:01:21.402 [B] INFO  multiThread.Server - B:更好
2016-10-07 16:01:24.166 [B] INFO  multiThread.Server - B:获得丰厚
2016-10-07 16:01:28.046 [A] INFO  multiThread.Server - A:那就方便就
2016-10-07 16:01:31.511 [A] INFO  multiThread.Server - A:输入包含敏感信息，已被屏蔽
2016-10-07 16:01:50.155 [A] INFO  multiThread.Server - A:输入包含敏感信息，已被屏蔽
2016-10-07 16:01:59.377 [A] INFO  multiThread.Server - A:王八
2016-10-07 16:02:09.429 [A] INFO  multiThread.Server - A:输入包含敏感信息，已被屏蔽
2016-10-07 16:07:38.169 [main] INFO  multiThread.Server - 正在启动服务器...
2016-10-07 16:07:38.174 [main] INFO  multiThread.Server - 服务器启动成功...
2016-10-07 16:07:38.174 [main] INFO  multiThread.Server - 等待连接...
2016-10-07 16:07:42.597 [main] INFO  multiThread.Server - A成功连接服务器
2016-10-07 16:07:49.856 [main] INFO  multiThread.Server - B成功连接服务器
2016-10-07 16:18:44.995 [main] INFO  multiThread.Server - 正在启动服务器...
2016-10-07 16:18:44.999 [main] INFO  multiThread.Server - 服务器启动成功...
2016-10-07 16:18:44.999 [main] INFO  multiThread.Server - 等待连接...
2016-10-07 16:19:05.034 [main] INFO  multiThread.Server - A成功连接服务器
2016-10-07 16:21:23.524 [main] INFO  multiThread.Server - 正在启动服务器...
2016-10-07 16:22:39.168 [main] INFO  multiThread.Server - 正在启动服务器...
2016-10-07 16:23:59.944 [main] INFO  multiThread.Server - 正在启动服务器...
2016-10-07 16:32:35.223 [main] INFO  multiThread.Server - 正在启动服务器...
2016-10-07 16:32:35.228 [main] INFO  multiThread.Server - 服务器启动成功...
2016-10-07 16:32:35.228 [main] INFO  multiThread.Server - 等待连接...
2016-10-07 16:32:47.123 [main] INFO  multiThread.Server - A成功连接服务器
2016-10-07 16:32:57.180 [main] INFO  multiThread.Server - B成功连接服务器
2016-10-07 16:33:13.360 [B] INFO  multiThread.Server - B已经下线
2016-10-07 16:37:37.400 [main] INFO  multiThread.Server - 正在启动服务器...
2016-10-07 16:37:37.404 [main] INFO  multiThread.Server - 服务器启动成功...
2016-10-07 16:37:37.404 [main] INFO  multiThread.Server - 等待连接...
2016-10-07 16:37:42.077 [main] INFO  multiThread.Server - A成功连接服务器
2016-10-07 19:33:46.568 [main] INFO  multiThread.Server - 正在启动服务器...
2016-10-07 19:33:46.597 [main] INFO  multiThread.Server - 服务器启动成功...
2016-10-07 19:33:46.598 [main] INFO  multiThread.Server - 等待连接...
2016-10-07 19:36:34.650 [main] INFO  multiThread.Server - A成功连接服务器
2016-10-07 19:37:29.097 [main] INFO  multiThread.Server - B成功连接服务器
